<?xml version="1.0" encoding="UTF-8"?>
<testng-results ignored="0" total="1" passed="1" failed="0" skipped="0">
  <reporter-output>
    <line>
      <![CDATA[waiting for1000mili sec]]>
    </line>
    <line>
      <![CDATA[Luanching the Browser]]>
    </line>
    <line>
      <![CDATA[waiting for1000mili sec]]>
    </line>
    <line>
      <![CDATA[Read Data mobNofrom Properties ]]>
    </line>
    <line>
      <![CDATA[waiting for1000mili sec]]>
    </line>
    <line>
      <![CDATA[waiting for1000mili sec]]>
    </line>
    <line>
      <![CDATA[Read Data pwdfrom Properties ]]>
    </line>
    <line>
      <![CDATA[waiting for1000mili sec]]>
    </line>
    <line>
      <![CDATA[waiting for1000mili sec]]>
    </line>
    <line>
      <![CDATA[waiting for1000mili sec]]>
    </line>
    <line>
      <![CDATA[ThisverifyUserName method completed sucessfully]]>
    </line>
    <line>
      <![CDATA[waiting for1000mili sec]]>
    </line>
    <line>
      <![CDATA[Read Data unfrom Properties ]]>
    </line>
    <line>
      <![CDATA[ThisverifyUserName excecution started]]>
    </line>
    <line>
      <![CDATA[waiting for1000mili sec]]>
    </line>
    <line>
      <![CDATA[waiting for1000mili sec]]>
    </line>
    <line>
      <![CDATA[waiting for2000mili sec]]>
    </line>
    <line>
      <![CDATA[Closing the Browser]]>
    </line>
  </reporter-output>
  <suite started-at="2023-07-03T14:53:27 IST" name="Suite" finished-at="2023-07-03T14:54:01 IST" duration-ms="33446">
    <groups>
    </groups>
    <test started-at="2023-07-03T14:53:27 IST" name="Test" finished-at="2023-07-03T14:54:01 IST" duration-ms="33446">
      <class name="test.PBTest">
        <test-method is-config="true" signature="openbrowser()[pri:0, instance:test.PBTest@3c41ed1d]" started-at="2023-07-03T14:53:27 IST" name="openbrowser" finished-at="2023-07-03T14:53:40 IST" duration-ms="12563" status="PASS">
          <reporter-output>
            <line>
              <![CDATA[waiting for1000mili sec]]>
            </line>
            <line>
              <![CDATA[Luanching the Browser]]>
            </line>
          </reporter-output>
        </test-method> <!-- openbrowser -->
        <test-method is-config="true" signature="logintoPOlicyBazaar()[pri:0, instance:test.PBTest@3c41ed1d]" started-at="2023-07-03T14:53:40 IST" name="logintoPOlicyBazaar" finished-at="2023-07-03T14:53:52 IST" duration-ms="11660" status="PASS">
          <reporter-output>
            <line>
              <![CDATA[waiting for1000mili sec]]>
            </line>
            <line>
              <![CDATA[Read Data mobNofrom Properties ]]>
            </line>
            <line>
              <![CDATA[waiting for1000mili sec]]>
            </line>
            <line>
              <![CDATA[waiting for1000mili sec]]>
            </line>
            <line>
              <![CDATA[Read Data pwdfrom Properties ]]>
            </line>
            <line>
              <![CDATA[waiting for1000mili sec]]>
            </line>
            <line>
              <![CDATA[waiting for1000mili sec]]>
            </line>
            <line>
              <![CDATA[waiting for1000mili sec]]>
            </line>
          </reporter-output>
        </test-method> <!-- logintoPOlicyBazaar -->
        <test-method signature="verifyUserName()[pri:0, instance:test.PBTest@3c41ed1d]" started-at="2023-07-03T14:53:52 IST" name="verifyUserName" finished-at="2023-07-03T14:53:56 IST" duration-ms="4068" status="PASS">
          <reporter-output>
            <line>
              <![CDATA[ThisverifyUserName method completed sucessfully]]>
            </line>
            <line>
              <![CDATA[waiting for1000mili sec]]>
            </line>
            <line>
              <![CDATA[Read Data unfrom Properties ]]>
            </line>
            <line>
              <![CDATA[ThisverifyUserName excecution started]]>
            </line>
          </reporter-output>
        </test-method> <!-- verifyUserName -->
        <test-method is-config="true" signature="logoutFromPolicyBazar()[pri:0, instance:test.PBTest@3c41ed1d]" started-at="2023-07-03T14:53:56 IST" name="logoutFromPolicyBazar" finished-at="2023-07-03T14:53:57 IST" duration-ms="1380" status="PASS">
          <reporter-output>
            <line>
              <![CDATA[waiting for1000mili sec]]>
            </line>
          </reporter-output>
        </test-method> <!-- logoutFromPolicyBazar -->
        <test-method is-config="true" signature="closeBrowser()[pri:0, instance:test.PBTest@3c41ed1d]" started-at="2023-07-03T14:53:57 IST" name="closeBrowser" finished-at="2023-07-03T14:54:01 IST" duration-ms="3656" status="PASS">
          <reporter-output>
            <line>
              <![CDATA[waiting for1000mili sec]]>
            </line>
            <line>
              <![CDATA[waiting for2000mili sec]]>
            </line>
            <line>
              <![CDATA[Closing the Browser]]>
            </line>
          </reporter-output>
        </test-method> <!-- closeBrowser -->
      </class> <!-- test.PBTest -->
    </test> <!-- Test -->
  </suite> <!-- Suite -->
</testng-results>
